<![LOG[CM install ini for  is: [SQLConfigOptions]
DatabaseName=CM_
SQLServerName=CMTP-CM1.asd.lab
SQLSSBPort=1433

[SystemCenterOptions]

[CloudConnectorOptions]
CloudConnector=1
CloudConnectorServer=CMTP-CM1.asd.lab

[HierarchyExpansionOption]

[Options]
AdminConsole=1
ClientsUsePKICertificate=0
DistributionPoint=CMTP-CM1.asd.lab
DistributionPointInstallIIS=0
DistributionPointProtocol=HTTP
JoinCEIP=0
ManagementPoint=CMTP-CM1.asd.lab
ManagementPointProtocol=HTTP
PrerequisiteComp=1
PrerequisitePath=\data\ConfigMgr\\Prereqs
ProductID=EVAL
RoleCommunicationProtocol=HTTPorHTTPS
SDKServer=CMTP-CM1.asd.lab
SiteCode=
SiteName=Tech Preview 
SMSInstallDir=C:\Program Files\Microsoft Configuration Manager

[Identification]
action=InstallPrimarySite
Preview=1

]LOG]!><time="22:04:18.361-360" date="1-6-2019" component="Add-LabSQLRole" context="HOMESERVER\Adam" type="6" thread="316756" file="C:\Users\Adam\OneDrive - A Square Dozen\GitHub\CMHyperHydrate\Public\Add-LabSQLRole.ps1">
<![LOG[AD Schema has been exteded for SCCM on asd.lab]LOG]!><time="22:04:18.493-360" date="1-6-2019" component="Add-LabSQLRole" context="HOMESERVER\Adam" type="6" thread="316756" file="C:\Users\Adam\OneDrive - A Square Dozen\GitHub\CMHyperHydrate\Public\Add-LabSQLRole.ps1">
<![LOG[SCCM installation process has started on  this will take some time so grab a coffee]LOG]!><time="22:04:18.499-360" date="1-6-2019" component="Add-LabSQLRole" context="HOMESERVER\Adam" type="6" thread="316756" file="C:\Users\Adam\OneDrive - A Square Dozen\GitHub\CMHyperHydrate\Public\Add-LabSQLRole.ps1">
